C:\USERS\SHO3LAN\DOWNLOADS\AIRCRAFT\DEBUG\APPLICATION.OBJ
C:\USERS\SHO3LAN\DOWNLOADS\AIRCRAFT\DEBUG\CUBE.OBJ
C:\USERS\SHO3LAN\DOWNLOADS\AIRCRAFT\DEBUG\EULERCAMERA.OBJ
C:\USERS\SHO3LAN\DOWNLOADS\AIRCRAFT\DEBUG\GAME.OBJ
C:\USERS\SHO3LAN\DOWNLOADS\AIRCRAFT\DEBUG\GAMEOBJECT.OBJ
C:\USERS\SHO3LAN\DOWNLOADS\AIRCRAFT\DEBUG\GROUND.OBJ
C:\USERS\SHO3LAN\DOWNLOADS\AIRCRAFT\DEBUG\HELPER.OBJ
C:\USERS\SHO3LAN\DOWNLOADS\AIRCRAFT\DEBUG\KEYFRAMEANIMATIONSHADER.OBJ
C:\USERS\SHO3LAN\DOWNLOADS\AIRCRAFT\DEBUG\MD2MODEL.OBJ
C:\USERS\SHO3LAN\DOWNLOADS\AIRCRAFT\DEBUG\MESH.OBJ
C:\USERS\SHO3LAN\DOWNLOADS\AIRCRAFT\DEBUG\POINTLIGHT.OBJ
C:\USERS\SHO3LAN\DOWNLOADS\AIRCRAFT\DEBUG\SHADER.OBJ
C:\USERS\SHO3LAN\DOWNLOADS\AIRCRAFT\DEBUG\SHADERPROGRAM.OBJ
C:\USERS\SHO3LAN\DOWNLOADS\AIRCRAFT\DEBUG\SOURCE.OBJ
C:\USERS\SHO3LAN\DOWNLOADS\AIRCRAFT\DEBUG\TEXTURE.OBJ
C:\USERS\SHO3LAN\DOWNLOADS\AIRCRAFT\DEBUG\TEXTURECUBE.OBJ
C:\USERS\SHO3LAN\DOWNLOADS\AIRCRAFT\DEBUG\VERTEXBUFFEROBJECT.OBJ
C:\USERS\SHO3LAN\DOWNLOADS\AIRCRAFT\DEBUG\VC110.PDB
C:\USERS\SHO3LAN\DOWNLOADS\AIRCRAFT\DEBUG\STB_IMAGE.OBJ
C:\USERS\SHO3LAN\DOWNLOADS\AIRCRAFT\DEBUG\METHODS.OBJ
C:\USERS\SHO3LAN\DOWNLOADS\AIRCRAFT\DEBUG\MAINCORE.OBJ
C:\USERS\SHO3LAN\DOWNLOADS\AIRCRAFT\DEBUG\MODEL.OBJ
C:\USERS\SHO3LAN\DOWNLOADS\AIRCRAFT\DEBUG\GRAPHICSPROJECT.ILK
C:\USERS\SHO3LAN\DOWNLOADS\AIRCRAFT\DEBUG\GRAPHICSPROJECT.EXE
C:\USERS\SHO3LAN\DOWNLOADS\AIRCRAFT\DEBUG\GRAPHICSPROJECT.PDB
C:\Users\sho3lan\Downloads\aircraft\Debug\Application.obj
C:\Users\sho3lan\Downloads\aircraft\Debug\Cube.obj
C:\Users\sho3lan\Downloads\aircraft\Debug\EulerCamera.obj
C:\Users\sho3lan\Downloads\aircraft\Debug\Game.obj
C:\Users\sho3lan\Downloads\aircraft\Debug\GameObject.obj
C:\Users\sho3lan\Downloads\aircraft\Debug\Ground.obj
C:\Users\sho3lan\Downloads\aircraft\Debug\Helper.obj
C:\Users\sho3lan\Downloads\aircraft\Debug\KeyFrameAnimationShader.obj
C:\Users\sho3lan\Downloads\aircraft\Debug\mainCore.obj
C:\Users\sho3lan\Downloads\aircraft\Debug\md2model.obj
C:\Users\sho3lan\Downloads\aircraft\Debug\Mesh.obj
C:\Users\sho3lan\Downloads\aircraft\Debug\methods.obj
C:\Users\sho3lan\Downloads\aircraft\Debug\Model.obj
C:\Users\sho3lan\Downloads\aircraft\Debug\PointLight.obj
C:\Users\sho3lan\Downloads\aircraft\Debug\Shader.obj
C:\Users\sho3lan\Downloads\aircraft\Debug\ShaderProgram.obj
C:\Users\sho3lan\Downloads\aircraft\Debug\Source.obj
C:\Users\sho3lan\Downloads\aircraft\Debug\stb_image.obj
C:\Users\sho3lan\Downloads\aircraft\Debug\Texture.obj
C:\Users\sho3lan\Downloads\aircraft\Debug\TextureCube.obj
C:\Users\sho3lan\Downloads\aircraft\Debug\vertexBufferObject.obj
C:\Users\sho3lan\Downloads\aircraft\Debug\GraphicsProject.ilk
C:\Users\sho3lan\Downloads\aircraft\Debug\cl.command.1.tlog
C:\Users\sho3lan\Downloads\aircraft\Debug\CL.read.1.tlog
C:\Users\sho3lan\Downloads\aircraft\Debug\CL.write.1.tlog
C:\Users\sho3lan\Downloads\aircraft\Debug\link-cvtres.read.1.tlog
C:\Users\sho3lan\Downloads\aircraft\Debug\link-cvtres.write.1.tlog
C:\Users\sho3lan\Downloads\aircraft\Debug\link-rc.read.1.tlog
C:\Users\sho3lan\Downloads\aircraft\Debug\link-rc.write.1.tlog
C:\Users\sho3lan\Downloads\aircraft\Debug\link.3544-cvtres.read.1.tlog
C:\Users\sho3lan\Downloads\aircraft\Debug\link.3544-cvtres.write.1.tlog
C:\Users\sho3lan\Downloads\aircraft\Debug\link.3544-rc.read.1.tlog
C:\Users\sho3lan\Downloads\aircraft\Debug\link.3544-rc.write.1.tlog
C:\Users\sho3lan\Downloads\aircraft\Debug\link.3544.read.1.tlog
C:\Users\sho3lan\Downloads\aircraft\Debug\link.3544.write.1.tlog
C:\Users\sho3lan\Downloads\aircraft\Debug\link.3696-cvtres.read.1.tlog
C:\Users\sho3lan\Downloads\aircraft\Debug\link.3696-cvtres.write.1.tlog
C:\Users\sho3lan\Downloads\aircraft\Debug\link.3696-rc.read.1.tlog
C:\Users\sho3lan\Downloads\aircraft\Debug\link.3696-rc.write.1.tlog
C:\Users\sho3lan\Downloads\aircraft\Debug\link.3696.read.1.tlog
C:\Users\sho3lan\Downloads\aircraft\Debug\link.3696.write.1.tlog
C:\Users\sho3lan\Downloads\aircraft\Debug\link.4500-cvtres.read.1.tlog
C:\Users\sho3lan\Downloads\aircraft\Debug\link.4500-cvtres.write.1.tlog
C:\Users\sho3lan\Downloads\aircraft\Debug\link.4500-rc.read.1.tlog
C:\Users\sho3lan\Downloads\aircraft\Debug\link.4500-rc.write.1.tlog
C:\Users\sho3lan\Downloads\aircraft\Debug\link.4500.read.1.tlog
C:\Users\sho3lan\Downloads\aircraft\Debug\link.4500.write.1.tlog
C:\Users\sho3lan\Downloads\aircraft\Debug\link.7412-cvtres.read.1.tlog
C:\Users\sho3lan\Downloads\aircraft\Debug\link.7412-cvtres.write.1.tlog
C:\Users\sho3lan\Downloads\aircraft\Debug\link.7412-rc.read.1.tlog
C:\Users\sho3lan\Downloads\aircraft\Debug\link.7412-rc.write.1.tlog
C:\Users\sho3lan\Downloads\aircraft\Debug\link.7412.read.1.tlog
C:\Users\sho3lan\Downloads\aircraft\Debug\link.7412.write.1.tlog
C:\Users\sho3lan\Downloads\aircraft\Debug\link.7840-cvtres.read.1.tlog
C:\Users\sho3lan\Downloads\aircraft\Debug\link.7840-cvtres.write.1.tlog
C:\Users\sho3lan\Downloads\aircraft\Debug\link.7840-rc.read.1.tlog
C:\Users\sho3lan\Downloads\aircraft\Debug\link.7840-rc.write.1.tlog
C:\Users\sho3lan\Downloads\aircraft\Debug\link.7840.read.1.tlog
C:\Users\sho3lan\Downloads\aircraft\Debug\link.7840.write.1.tlog
C:\Users\sho3lan\Downloads\aircraft\Debug\link.8060-cvtres.read.1.tlog
C:\Users\sho3lan\Downloads\aircraft\Debug\link.8060-cvtres.write.1.tlog
C:\Users\sho3lan\Downloads\aircraft\Debug\link.8060-rc.read.1.tlog
C:\Users\sho3lan\Downloads\aircraft\Debug\link.8060-rc.write.1.tlog
C:\Users\sho3lan\Downloads\aircraft\Debug\link.8060.read.1.tlog
C:\Users\sho3lan\Downloads\aircraft\Debug\link.8060.write.1.tlog
C:\Users\sho3lan\Downloads\aircraft\Debug\link.command.1.tlog
C:\Users\sho3lan\Downloads\aircraft\Debug\link.read.1.tlog
C:\Users\sho3lan\Downloads\aircraft\Debug\link.write.1.tlog
C:\Users\sho3lan\Downloads\aircraft\Debug\vc110.idb
C:\Users\sho3lan\Downloads\aircraft\Debug\GraphicsProject.pdb
C:\Users\sho3lan\Downloads\aircraft\Debug\vc110.pdb
C:\Users\sho3lan\Downloads\aircraft\Debug\GraphicsProject.exe
