Build started 08/05/2017 07:33:14 م.
     1>Project "C:\Users\sho3lan\Downloads\aircraft\GraphicsProject.vcxproj" on node 2 (Build target(s)).
     1>ClCompile:
         C:\Program Files (x86)\Microsoft Visual Studio 11.0\VC\bin\CL.exe /c /ZI /nologo /W3 /WX- /Od /Oy- /D WIN32 /D _DEBUG /D _CONSOLE /D _UNICODE /D UNICODE /Gm /EHsc /RTC1 /MDd /GS /fp:precise /Zc:wchar_t /Zc:forScope /Fo"Debug\\" /Fd"Debug\vc110.pdb" /Gd /TP /analyze- /errorReport:prompt Game.cpp Ground.cpp Source.cpp mainCore.cpp
         Game.cpp
     1>c:\users\sho3lan\downloads\aircraft\skybox.h(23): warning C4244: '=' : conversion from 'double' to 'int', possible loss of data
     1>c:\users\sho3lan\downloads\aircraft\game.cpp(109): warning C4244: 'argument' : conversion from 'double' to 'float', possible loss of data
     1>c:\users\sho3lan\downloads\aircraft\game.cpp(153): warning C4305: '+=' : truncation from 'double' to 'float'
     1>c:\users\sho3lan\downloads\aircraft\game.cpp(159): warning C4305: '-=' : truncation from 'double' to 'float'
         GLM: perspective function taking degrees as a parameter is deprecated. #define GLM_FORCE_RADIANS before including GLM headers to remove this message.
         GLM: rotate function taking degrees as a parameter is deprecated. #define GLM_FORCE_RADIANS before including GLM headers to remove this message.
         Generating Code...
         Skipping... (no relevant changes detected)
         mainCore.cpp
         Source.cpp
         Ground.cpp
       Link:
         C:\Program Files (x86)\Microsoft Visual Studio 11.0\VC\bin\link.exe /ERRORREPORT:PROMPT /OUT:"C:\Users\sho3lan\Downloads\aircraft\Debug\GraphicsProject.exe" /INCREMENTAL /NOLOGO kernel32.lib user32.lib gdi32.lib winspool.lib comdlg32.lib advapi32.lib shell32.lib ole32.lib oleaut32.lib uuid.lib odbc32.lib odbccp32.lib /MANIFEST /MANIFESTUAC:"level='asInvoker' uiAccess='false'" /manifest:embed /DEBUG /PDB:"C:\Users\sho3lan\Downloads\aircraft\Debug\GraphicsProject.pdb" /SUBSYSTEM:CONSOLE /TLBID:1 /DYNAMICBASE /NXCOMPAT /IMPLIB:"C:\Users\sho3lan\Downloads\aircraft\Debug\GraphicsProject.lib" /MACHINE:X86 Debug\mainCore.obj
         Debug\Cube.obj
         Debug\Game.obj
         Debug\GameObject.obj
         Debug\Ground.obj
         Debug\methods.obj
         Debug\KeyFrameAnimationShader.obj
         Debug\md2model.obj
         Debug\Model.obj
         Debug\PointLight.obj
         Debug\Shader.obj
         Debug\ShaderProgram.obj
         Debug\Source.obj
         Debug\stb_image.obj
         Debug\Texture.obj
         Debug\TextureCube.obj
         Debug\vertexBufferObject.obj
         GraphicsProject.vcxproj -> C:\Users\sho3lan\Downloads\aircraft\Debug\GraphicsProject.exe
     1>Done Building Project "C:\Users\sho3lan\Downloads\aircraft\GraphicsProject.vcxproj" (Build target(s)).

Build succeeded.

Time Elapsed 00:00:01.96
